2018-03-08 00:11:57 - crawler - INFO - The login task is starting...
2018-03-08 00:12:00 - other - INFO - Login successful! The login account is 13064510491
2018-03-08 00:16:24 - crawler - INFO - the crawling url is http://weibo.com/p/1005052970452952/info?mod=pedit_more
2018-03-08 00:16:27 - storage - INFO - Has stored user 2970452952 info successfully
2018-03-08 00:16:27 - crawler - INFO - the crawling url is http://weibo.com/p/1005052970452952/follow?relate=fans&page=1#Pl_Official_HisRelation__60
2018-03-08 00:16:43 - crawler - INFO - the crawling url is http://weibo.com/p/1005052970452952/follow?relate=fans&page=2#Pl_Official_HisRelation__60
2018-03-08 00:16:59 - crawler - INFO - the crawling url is http://weibo.com/p/1005052970452952/follow?relate=fans&page=3#Pl_Official_HisRelation__60
2018-03-08 00:17:14 - crawler - INFO - the crawling url is http://weibo.com/p/1005052970452952/follow?relate=fans&page=4#Pl_Official_HisRelation__60
2018-03-08 00:17:30 - crawler - INFO - the crawling url is http://weibo.com/p/1005052970452952/follow?relate=fans&page=5#Pl_Official_HisRelation__60
2018-03-08 00:17:45 - crawler - INFO - the crawling url is http://weibo.com/p/1005052970452952/follow?page=1#Pl_Official_HisRelation__60
2018-03-08 00:18:00 - crawler - INFO - the crawling url is http://weibo.com/p/1005052970452952/follow?page=2#Pl_Official_HisRelation__60
2018-03-08 00:18:16 - crawler - INFO - the crawling url is http://weibo.com/p/1005052970452952/follow?page=3#Pl_Official_HisRelation__60
2018-03-08 00:18:31 - crawler - INFO - the crawling url is http://weibo.com/p/1005052970452952/follow?page=4#Pl_Official_HisRelation__60
2018-03-08 00:18:46 - crawler - INFO - the crawling url is http://weibo.com/p/1005052970452952/follow?page=5#Pl_Official_HisRelation__60
2018-03-08 00:19:24 - crawler - INFO - the crawling url is http://weibo.com/p/1005052144814265/info?mod=pedit_more
2018-03-08 00:19:27 - storage - INFO - Has stored user 2144814265 info successfully
2018-03-08 00:19:27 - crawler - INFO - the crawling url is http://weibo.com/p/1005055754559290/info?mod=pedit_more
2018-03-08 00:19:30 - storage - INFO - Has stored user 5754559290 info successfully
2018-03-08 00:19:30 - crawler - INFO - the crawling url is http://weibo.com/p/1005055873067066/info?mod=pedit_more
2018-03-08 00:19:33 - storage - INFO - Has stored user 5873067066 info successfully
2018-03-08 00:19:33 - crawler - INFO - the crawling url is http://weibo.com/p/1005056231381441/info?mod=pedit_more
2018-03-08 00:19:35 - storage - INFO - Has stored user 6231381441 info successfully
2018-03-08 00:19:35 - crawler - INFO - the crawling url is http://weibo.com/p/1005051547596314/info?mod=pedit_more
2018-03-08 00:19:39 - storage - INFO - Has stored user 1547596314 info successfully
2018-03-08 00:19:39 - crawler - INFO - the crawling url is http://weibo.com/p/1005052144814265/follow?relate=fans&page=1#Pl_Official_HisRelation__60
2018-03-08 00:19:55 - crawler - INFO - the crawling url is http://weibo.com/p/1005052144814265/follow?relate=fans&page=2#Pl_Official_HisRelation__60
2018-03-08 00:20:10 - crawler - INFO - the crawling url is http://weibo.com/p/1005052144814265/follow?relate=fans&page=3#Pl_Official_HisRelation__60
2018-03-08 00:20:25 - crawler - INFO - the crawling url is http://weibo.com/p/1005052144814265/follow?relate=fans&page=4#Pl_Official_HisRelation__60
2018-03-08 00:20:40 - crawler - INFO - the crawling url is http://weibo.com/p/1005052144814265/follow?relate=fans&page=5#Pl_Official_HisRelation__60
2018-03-08 00:20:57 - crawler - INFO - the crawling url is http://weibo.com/p/1005052144814265/follow?page=1#Pl_Official_HisRelation__60
2018-03-08 00:21:12 - crawler - INFO - the crawling url is http://weibo.com/p/1005052144814265/follow?page=2#Pl_Official_HisRelation__60
2018-03-08 00:21:29 - crawler - INFO - the crawling url is http://weibo.com/p/1005052144814265/follow?page=3#Pl_Official_HisRelation__60
2018-03-08 00:21:44 - crawler - INFO - the crawling url is http://weibo.com/p/1005052144814265/follow?page=4#Pl_Official_HisRelation__60
2018-03-08 00:21:59 - crawler - INFO - the crawling url is http://weibo.com/p/1005052144814265/follow?page=5#Pl_Official_HisRelation__60
2018-03-08 00:22:14 - crawler - INFO - the crawling url is http://weibo.com/p/1005052542733562/info?mod=pedit_more
2018-03-08 00:22:19 - storage - INFO - Has stored user 2542733562 info successfully
2018-03-08 00:22:19 - crawler - INFO - the crawling url is http://weibo.com/p/1005055754559290/follow?relate=fans&page=1#Pl_Official_HisRelation__60
2018-03-08 00:22:34 - crawler - INFO - the crawling url is http://weibo.com/p/1005055754559290/follow?relate=fans&page=2#Pl_Official_HisRelation__60
2018-03-08 00:22:49 - crawler - INFO - the crawling url is http://weibo.com/p/1005055754559290/follow?relate=fans&page=3#Pl_Official_HisRelation__60
2018-03-08 00:23:04 - crawler - INFO - the crawling url is http://weibo.com/p/1005055754559290/follow?relate=fans&page=4#Pl_Official_HisRelation__60
2018-03-08 00:23:19 - crawler - INFO - the crawling url is http://weibo.com/p/1005055754559290/follow?relate=fans&page=5#Pl_Official_HisRelation__60
2018-03-08 00:23:34 - crawler - INFO - the crawling url is http://weibo.com/p/1005055754559290/follow?page=1#Pl_Official_HisRelation__60
2018-03-08 00:23:50 - crawler - INFO - the crawling url is http://weibo.com/p/1005055754559290/follow?page=2#Pl_Official_HisRelation__60
2018-03-08 00:24:05 - crawler - INFO - the crawling url is http://weibo.com/p/1005055754559290/follow?page=3#Pl_Official_HisRelation__60
2018-03-08 00:24:20 - crawler - INFO - the crawling url is http://weibo.com/p/1005055754559290/follow?page=4#Pl_Official_HisRelation__60
2018-03-08 00:24:36 - crawler - INFO - the crawling url is http://weibo.com/p/1005055754559290/follow?page=5#Pl_Official_HisRelation__60
2018-03-08 00:24:51 - crawler - INFO - the crawling url is http://weibo.com/p/1005053450091462/info?mod=pedit_more
2018-03-08 00:24:54 - storage - INFO - Has stored user 3450091462 info successfully
2018-03-08 00:24:54 - crawler - INFO - the crawling url is http://weibo.com/p/1005055873067066/follow?relate=fans&page=1#Pl_Official_HisRelation__60
2018-03-08 00:25:10 - crawler - INFO - the crawling url is http://weibo.com/p/1005055873067066/follow?relate=fans&page=2#Pl_Official_HisRelation__60
2018-03-08 00:25:25 - crawler - INFO - the crawling url is http://weibo.com/p/1005055873067066/follow?relate=fans&page=3#Pl_Official_HisRelation__60
2018-03-08 00:25:41 - crawler - INFO - the crawling url is http://weibo.com/p/1005055873067066/follow?relate=fans&page=4#Pl_Official_HisRelation__60
2018-03-08 00:25:56 - crawler - INFO - the crawling url is http://weibo.com/p/1005055873067066/follow?relate=fans&page=5#Pl_Official_HisRelation__60
2018-03-08 00:26:12 - crawler - INFO - the crawling url is http://weibo.com/p/1005055873067066/follow?page=1#Pl_Official_HisRelation__60
2018-03-08 00:26:30 - crawler - INFO - the crawling url is http://weibo.com/p/1005055873067066/follow?page=2#Pl_Official_HisRelation__60
2018-03-08 00:26:48 - crawler - INFO - the crawling url is http://weibo.com/p/1005055873067066/follow?page=3#Pl_Official_HisRelation__60
2018-03-08 00:26:58 - crawler - WARNING - Excepitons are raised when crawling http://weibo.com/p/1005055873067066/follow?page=3#Pl_Official_HisRelation__60.Here are details:('Connection aborted.', ConnectionResetError(54, 'Connection reset by peer'))
2018-03-08 00:26:58 - crawler - ERROR - failed to crawl http://weibo.com/p/1005055873067066/follow?page=3#Pl_Official_HisRelation__60，here are details:an integer is required (got type str), stack is   File "/Users/fly/Codes/Github/SpiderClub/weibospider/decorators/decorators.py", line 17, in time_limit
    return func(*args, **kargs)

2018-03-08 00:26:58 - crawler - INFO - the crawling url is http://weibo.com/p/1005055873067066/follow?page=4#Pl_Official_HisRelation__60
2018-03-08 00:27:14 - crawler - INFO - the crawling url is http://weibo.com/p/1005055873067066/follow?page=5#Pl_Official_HisRelation__60
2018-03-08 00:27:29 - crawler - INFO - the crawling url is http://weibo.com/p/1005053848156320/info?mod=pedit_more
2018-03-08 00:27:33 - storage - INFO - Has stored user 3848156320 info successfully
2018-03-08 00:27:34 - crawler - INFO - the crawling url is http://weibo.com/p/1005056231381441/follow?relate=fans&page=1#Pl_Official_HisRelation__60
2018-03-08 01:12:21 - crawler - INFO - the crawling url is http://weibo.com/p/1005051485095851/info?mod=pedit_more
2018-03-08 01:12:24 - crawler - INFO - the crawling url is http://weibo.com/p/1003061485095851/info?mod=pedit_more
2018-03-08 01:12:39 - storage - INFO - Has stored user 1485095851 info successfully
2018-03-08 01:12:39 - crawler - INFO - the crawling url is http://weibo.com/p/1005055878755280/info?mod=pedit_more
2018-03-08 01:12:42 - storage - INFO - Has stored user 5878755280 info successfully
2018-03-08 01:12:42 - crawler - INFO - the crawling url is http://weibo.com/p/1005052474772984/info?mod=pedit_more
2018-03-08 01:12:45 - storage - INFO - Has stored user 2474772984 info successfully
2018-03-08 01:12:45 - crawler - INFO - the crawling url is http://weibo.com/p/1005051001694087/info?mod=pedit_more
2018-03-08 01:12:48 - storage - INFO - Has stored user 1001694087 info successfully
2018-03-08 01:12:48 - crawler - INFO - the crawling url is http://weibo.com/p/1005056502124449/info?mod=pedit_more
2018-03-08 01:12:51 - storage - INFO - Has stored user 6502124449 info successfully
2018-03-08 01:12:51 - crawler - INFO - the crawling url is http://weibo.com/p/1005051961629411/info?mod=pedit_more
2018-03-08 01:12:53 - storage - INFO - Has stored user 1961629411 info successfully
2018-03-08 01:12:53 - crawler - INFO - the crawling url is http://weibo.com/p/1005051696695190/info?mod=pedit_more
2018-03-08 01:12:56 - storage - INFO - Has stored user 1696695190 info successfully
2018-03-08 01:12:56 - crawler - INFO - the crawling url is http://weibo.com/p/1005056017242376/info?mod=pedit_more
2018-03-08 01:12:59 - storage - INFO - Has stored user 6017242376 info successfully
2018-03-08 01:12:59 - crawler - INFO - the crawling url is http://weibo.com/p/1005051945295824/info?mod=pedit_more
2018-03-08 01:13:02 - storage - INFO - Has stored user 1945295824 info successfully
2018-03-08 01:13:02 - crawler - INFO - the crawling url is http://weibo.com/p/1005055683409904/info?mod=pedit_more
2018-03-08 01:13:04 - storage - INFO - Has stored user 5683409904 info successfully
2018-03-08 01:16:35 - crawler - INFO - the crawling url is http://weibo.com/p/1005055187632963/info?mod=pedit_more
2018-03-08 01:16:38 - storage - INFO - Has stored user 5187632963 info successfully
2018-03-08 01:16:38 - crawler - INFO - the crawling url is http://weibo.com/p/1005055242849168/info?mod=pedit_more
2018-03-08 01:16:41 - storage - INFO - Has stored user 5242849168 info successfully
2018-03-08 01:16:41 - crawler - INFO - the crawling url is http://weibo.com/p/1005051901720275/info?mod=pedit_more
2018-03-08 01:16:43 - storage - INFO - Has stored user 1901720275 info successfully
2018-03-08 01:16:44 - crawler - INFO - the crawling url is http://weibo.com/p/1005052767087603/info?mod=pedit_more
2018-03-08 01:16:46 - storage - INFO - Has stored user 2767087603 info successfully
2018-03-08 01:16:46 - crawler - INFO - the crawling url is http://weibo.com/p/1005055570401419/info?mod=pedit_more
2018-03-08 01:16:49 - storage - INFO - Has stored user 5570401419 info successfully
2018-03-08 01:16:49 - crawler - INFO - the crawling url is http://weibo.com/p/1005051397358715/info?mod=pedit_more
2018-03-08 01:16:52 - storage - INFO - Has stored user 1397358715 info successfully
2018-03-08 01:16:52 - crawler - INFO - the crawling url is http://weibo.com/p/1005051897509683/info?mod=pedit_more
2018-03-08 01:16:54 - storage - INFO - Has stored user 1897509683 info successfully
2018-03-08 01:16:54 - crawler - INFO - the crawling url is http://weibo.com/p/1005056464119834/info?mod=pedit_more
2018-03-08 01:16:57 - storage - INFO - Has stored user 6464119834 info successfully
2018-03-08 01:16:57 - crawler - INFO - the crawling url is http://weibo.com/p/1005051663559265/info?mod=pedit_more
2018-03-08 01:17:00 - storage - INFO - Has stored user 1663559265 info successfully
2018-03-08 01:17:00 - crawler - INFO - the crawling url is http://weibo.com/p/1005052323056111/info?mod=pedit_more
2018-03-08 01:17:02 - storage - INFO - Has stored user 2323056111 info successfully
2018-03-08 01:17:02 - crawler - INFO - the crawling url is http://weibo.com/p/1005055345033870/info?mod=pedit_more
2018-03-08 01:17:05 - storage - INFO - Has stored user 5345033870 info successfully
2018-03-08 01:17:05 - crawler - INFO - the crawling url is http://weibo.com/p/1005055837697857/info?mod=pedit_more
2018-03-08 01:17:08 - storage - INFO - Has stored user 5837697857 info successfully
2018-03-08 01:17:08 - crawler - INFO - the crawling url is http://weibo.com/p/1005055665858288/info?mod=pedit_more
2018-03-08 01:17:11 - storage - INFO - Has stored user 5665858288 info successfully
2018-03-08 01:22:40 - crawler - INFO - The login task is starting...
2018-03-08 01:22:42 - other - INFO - Login successful! The login account is 13064510491
2018-03-08 01:22:49 - crawler - INFO - the crawling url is http://weibo.com/p/1005053848156320/info?mod=pedit_more
2018-03-08 01:22:59 - storage - INFO - Has stored user 3848156320 info successfully
